This is pdfTeX, Version 3.14159265-2.6-1.40.18 (MiKTeX 2.9.6500 64-bit) (preloaded format=pdflatex 2018.1.30)  23 MAY 2018 06:07
entering extended mode
**./initial_submission.tex
(initial_submission.tex
LaTeX2e <2017-04-15>
Babel <3.15> and hyphenation patterns for 75 language(s) loaded.
("C:\Program Files\MiKTeX 2.9\tex\latex\base\article.cls"
Document Class: article 2014/09/29 v1.4h Standard LaTeX document class
("C:\Program Files\MiKTeX 2.9\tex\latex\base\size10.clo"
File: size10.clo 2014/09/29 v1.4h Standard LaTeX file (size option)
)
\c@part=\count79
\c@section=\count80
\c@subsection=\count81
\c@subsubsection=\count82
\c@paragraph=\count83
\c@subparagraph=\count84
\c@figure=\count85
\c@table=\count86
\abovecaptionskip=\skip41
\belowcaptionskip=\skip42
\bibindent=\dimen102
) (3dv.sty
(eso-pic.sty
Package: eso-pic 2002/11/16 v1.1b eso-pic (RN)
 (3dv_eso.sty

LaTeX Warning: You have requested package `eso-pic',
               but the package provides `everyshi'.

Package: everyshi 2001/05/15 v3.00 EveryShipout Package (MS)
) ("C:\Program Files\MiKTeX 2.9\tex\latex\graphics\keyval.sty"
Package: keyval 2014/10/28 v1.15 key=value parser (DPC)
\KV@toks@=\toks14
))
("C:\Program Files\MiKTeX 2.9\tex\latex\tools\xspace.sty"
Package: xspace 2014/10/28 v1.13 Space after command names (DPC,MH)
)
3DV 8.5 x 11-Inch Proceedings Style `3dv.sty'.
\@ctmp=\skip43
\@figindent=\skip44
\threedvrulerbox=\box26
\threedvrulercount=\count87
\threedvruleroffset=\dimen103
\cv@lineheight=\dimen104
\cv@boxheight=\dimen105
\cv@tmpbox=\box27
\cv@refno=\count88
\cv@tot=\count89
\cv@tmpc@=\count90
\cv@tmpc=\count91
) ("C:\Program Files\MiKTeX 2.9\tex\latex\psnfss\times.sty"
Package: times 2005/04/12 PSNFSS-v9.2a (SPQR) 
)
("C:\Program Files\MiKTeX 2.9\tex\latex\graphics\epsfig.sty"
Package: epsfig 2017/06/25 v1.7b (e)psfig emulation (SPQR)

("C:\Program Files\MiKTeX 2.9\tex\latex\graphics\graphicx.sty"
Package: graphicx 2017/06/01 v1.1a Enhanced LaTeX Graphics (DPC,SPQR)

("C:\Program Files\MiKTeX 2.9\tex\latex\graphics\graphics.sty"
Package: graphics 2017/06/25 v1.2c Standard LaTeX Graphics (DPC,SPQR)

("C:\Program Files\MiKTeX 2.9\tex\latex\graphics\trig.sty"
Package: trig 2016/01/03 v1.10 sin cos tan (DPC)
)
("C:\Program Files\MiKTeX 2.9\tex\latex\graphics-cfg\graphics.cfg"
File: graphics.cfg 2016/06/04 v1.11 sample graphics configuration
)
Package graphics Info: Driver file: pdftex.def on input line 99.

("C:\Program Files\MiKTeX 2.9\tex\latex\graphics-def\pdftex.def"
File: pdftex.def 2017/06/24 v1.0g Graphics/color driver for pdftex
))
\Gin@req@height=\dimen106
\Gin@req@width=\dimen107
)
\epsfxsize=\dimen108
\epsfysize=\dimen109
)
("C:\Program Files\MiKTeX 2.9\tex\latex\amsmath\amsmath.sty"
Package: amsmath 2017/09/02 v2.17a AMS math features
\@mathmargin=\skip45

For additional information on amsmath, use the `?' option.
("C:\Program Files\MiKTeX 2.9\tex\latex\amsmath\amstext.sty"
Package: amstext 2000/06/29 v2.01 AMS text

("C:\Program Files\MiKTeX 2.9\tex\latex\amsmath\amsgen.sty"
File: amsgen.sty 1999/11/30 v2.0 generic functions
\@emptytoks=\toks15
\ex@=\dimen110
))
("C:\Program Files\MiKTeX 2.9\tex\latex\amsmath\amsbsy.sty"
Package: amsbsy 1999/11/29 v1.2d Bold Symbols
\pmbraise@=\dimen111
)
("C:\Program Files\MiKTeX 2.9\tex\latex\amsmath\amsopn.sty"
Package: amsopn 2016/03/08 v2.02 operator names
)
\inf@bad=\count92
LaTeX Info: Redefining \frac on input line 213.
\uproot@=\count93
\leftroot@=\count94
LaTeX Info: Redefining \overline on input line 375.
\classnum@=\count95
\DOTSCASE@=\count96
LaTeX Info: Redefining \ldots on input line 472.
LaTeX Info: Redefining \dots on input line 475.
LaTeX Info: Redefining \cdots on input line 596.
\Mathstrutbox@=\box28
\strutbox@=\box29
\big@size=\dimen112
LaTeX Font Info:    Redeclaring font encoding OML on input line 712.
LaTeX Font Info:    Redeclaring font encoding OMS on input line 713.
\macc@depth=\count97
\c@MaxMatrixCols=\count98
\dotsspace@=\muskip10
\c@parentequation=\count99
\dspbrk@lvl=\count100
\tag@help=\toks16
\row@=\count101
\column@=\count102
\maxfields@=\count103
\andhelp@=\toks17
\eqnshift@=\dimen113
\alignsep@=\dimen114
\tagshift@=\dimen115
\tagwidth@=\dimen116
\totwidth@=\dimen117
\lineht@=\dimen118
\@envbody=\toks18
\multlinegap=\skip46
\multlinetaggap=\skip47
\mathdisplay@stack=\toks19
LaTeX Info: Redefining \[ on input line 2817.
LaTeX Info: Redefining \] on input line 2818.
)
("C:\Program Files\MiKTeX 2.9\tex\latex\amsfonts\amssymb.sty"
Package: amssymb 2013/01/14 v3.01 AMS font symbols

("C:\Program Files\MiKTeX 2.9\tex\latex\amsfonts\amsfonts.sty"
Package: amsfonts 2013/01/14 v3.01 Basic AMSFonts support
\symAMSa=\mathgroup4
\symAMSb=\mathgroup5
LaTeX Font Info:    Overwriting math alphabet `\mathfrak' in version `bold'
(Font)                  U/euf/m/n --> U/euf/b/n on input line 106.
))
("C:\Program Files\MiKTeX 2.9\tex\latex\caption\subcaption.sty"
Package: subcaption 2016/05/22 v1.1-161 Sub-captions (AR)

("C:\Program Files\MiKTeX 2.9\tex\latex\caption\caption.sty"
Package: caption 2016/02/21 v3.3-144 Customizing captions (AR)

("C:\Program Files\MiKTeX 2.9\tex\latex\caption\caption3.sty"
Package: caption3 2016/05/22 v1.7-166 caption3 kernel (AR)
Package caption3 Info: TeX engine: e-TeX on input line 67.
\captionmargin=\dimen119
\captionmargin@=\dimen120
\captionwidth=\dimen121
\caption@tempdima=\dimen122
\caption@indent=\dimen123
\caption@parindent=\dimen124
\caption@hangindent=\dimen125
Package caption Info: Unknown document class (or package),
(caption)             standard defaults will be used.
)

Package caption Warning: Unsupported document class (or package) detected,
(caption)                usage of the caption package is not recommended.
See the caption package documentation for explanation.

Package caption Info: \@makecaption = \long macro:#1#2-> \setbox \@tempboxa \hb
ox {\small \noindent #1.~#2} \setlength {\@ctmp }{\hsize } \addtolength {\@ctmp
 }{-\@figindent }\addtolength {\@ctmp }{-\@figindent } \ifdim \wd \@tempboxa >\
@ctmp {\small #1.~#2\par } \else \hbox to\hsize {\hfil \box \@tempboxa \hfil } 
\fi .
\c@ContinuedFloat=\count104
)
\c@subfigure=\count105
\c@subtable=\count106
) ("C:\Program Files\MiKTeX 2.9\tex\latex\multirow\multirow.sty"
Package: multirow 2016/11/25 v2.2 Span multiple rows of a table
\multirow@colwidth=\skip48
\multirow@cntb=\count107
\multirow@dima=\skip49
\bigstrutjot=\dimen126
)
("C:\Program Files\MiKTeX 2.9\tex\latex\tools\array.sty"
Package: array 2016/10/06 v2.4d Tabular extension package (FMi)
\col@sep=\dimen127
\extrarowheight=\dimen128
\NC@list=\toks20
\extratabsurround=\skip50
\backup@length=\skip51
)
("C:\Program Files\MiKTeX 2.9\tex\latex\slashbox\slashbox.sty"
slashbox style by K.Yasuoka, May 1993.
\@slashboxa=\box30
\@slashboxb=\box31
\@slashboxc=\box32
\@slashboxwd=\count108
\@slashboxht=\count109
\@slashsepl=\dimen129
\@slashsepr=\dimen130
) ("C:\Program Files\MiKTeX 2.9\tex\latex\hyperref\hyperref.sty"
Package: hyperref 2017/03/14 v6.85a Hypertext links for LaTeX

("C:\Program Files\MiKTeX 2.9\tex\generic\oberdiek\hobsub-hyperref.sty"
Package: hobsub-hyperref 2016/05/16 v1.14 Bundle oberdiek, subset hyperref (HO)


("C:\Program Files\MiKTeX 2.9\tex\generic\oberdiek\hobsub-generic.sty"
Package: hobsub-generic 2016/05/16 v1.14 Bundle oberdiek, subset generic (HO)
Package: hobsub 2016/05/16 v1.14 Construct package bundles (HO)
Package: infwarerr 2016/05/16 v1.4 Providing info/warning/error messages (HO)
Package: ltxcmds 2016/05/16 v1.23 LaTeX kernel commands for general use (HO)
Package: ifluatex 2016/05/16 v1.4 Provides the ifluatex switch (HO)
Package ifluatex Info: LuaTeX not detected.
Package: ifvtex 2016/05/16 v1.6 Detect VTeX and its facilities (HO)
Package ifvtex Info: VTeX not detected.
Package: intcalc 2016/05/16 v1.2 Expandable calculations with integers (HO)
Package: ifpdf 2017/03/15 v3.2 Provides the ifpdf switch
Package: etexcmds 2016/05/16 v1.6 Avoid name clashes with e-TeX commands (HO)
Package etexcmds Info: Could not find \expanded.
(etexcmds)             That can mean that you are not using pdfTeX 1.50 or
(etexcmds)             that some package has redefined \expanded.
(etexcmds)             In the latter case, load this package earlier.
Package: kvsetkeys 2016/05/16 v1.17 Key value parser (HO)
Package: kvdefinekeys 2016/05/16 v1.4 Define keys (HO)
Package: pdftexcmds 2017/03/19 v0.25 Utility functions of pdfTeX for LuaTeX (HO
)
Package pdftexcmds Info: LuaTeX not detected.
Package pdftexcmds Info: \pdf@primitive is available.
Package pdftexcmds Info: \pdf@ifprimitive is available.
Package pdftexcmds Info: \pdfdraftmode found.
Package: pdfescape 2016/05/16 v1.14 Implements pdfTeX's escape features (HO)
Package: bigintcalc 2016/05/16 v1.4 Expandable calculations on big integers (HO
)
Package: bitset 2016/05/16 v1.2 Handle bit-vector datatype (HO)
Package: uniquecounter 2016/05/16 v1.3 Provide unlimited unique counter (HO)
)
Package hobsub Info: Skipping package `hobsub' (already loaded).
Package: letltxmacro 2016/05/16 v1.5 Let assignment for LaTeX macros (HO)
Package: hopatch 2016/05/16 v1.3 Wrapper for package hooks (HO)
Package: xcolor-patch 2016/05/16 xcolor patch
Package: atveryend 2016/05/16 v1.9 Hooks at the very end of document (HO)
Package atveryend Info: \enddocument detected (standard20110627).
Package: atbegshi 2016/06/09 v1.18 At begin shipout hook (HO)
Package: refcount 2016/05/16 v3.5 Data extraction from label references (HO)
Package: hycolor 2016/05/16 v1.8 Color options for hyperref/bookmark (HO)
)
("C:\Program Files\MiKTeX 2.9\tex\generic\ifxetex\ifxetex.sty"
Package: ifxetex 2010/09/12 v0.6 Provides ifxetex conditional
)
("C:\Program Files\MiKTeX 2.9\tex\latex\oberdiek\auxhook.sty"
Package: auxhook 2016/05/16 v1.4 Hooks for auxiliary files (HO)
)
("C:\Program Files\MiKTeX 2.9\tex\latex\oberdiek\kvoptions.sty"
Package: kvoptions 2016/05/16 v3.12 Key value format for package options (HO)
)
\@linkdim=\dimen131
\Hy@linkcounter=\count110
\Hy@pagecounter=\count111

("C:\Program Files\MiKTeX 2.9\tex\latex\hyperref\pd1enc.def"
File: pd1enc.def 2017/03/14 v6.85a Hyperref: PDFDocEncoding definition (HO)
)
\Hy@SavedSpaceFactor=\count112

("C:\Program Files\MiKTeX 2.9\tex\latex\00miktex\hyperref.cfg"
File: hyperref.cfg 2002/06/06 v1.2 hyperref configuration of TeXLive
)
Package hyperref Info: Option `breaklinks' set `true' on input line 4374.


Package hyperref Warning: Option `letterpaper' is no longer used.

Package hyperref Info: Option `colorlinks' set `true' on input line 4374.
Package hyperref Info: Option `bookmarks' set `false' on input line 4374.
Package hyperref Info: Hyper figures OFF on input line 4498.
Package hyperref Info: Link nesting OFF on input line 4503.
Package hyperref Info: Hyper index ON on input line 4506.
Package hyperref Info: Plain pages OFF on input line 4513.
Package hyperref Info: Backreferencing ON on input line 4516.
Package hyperref Info: Implicit mode ON; LaTeX internals redefined.
Package hyperref Info: Bookmarks OFF on input line 4757.
("C:\Program Files\MiKTeX 2.9\tex\latex\hyperref\backref.sty"
Package: backref 2016/05/21 v1.39 Bibliographical back referencing

("C:\Program Files\MiKTeX 2.9\tex\latex\oberdiek\rerunfilecheck.sty"
Package: rerunfilecheck 2016/05/16 v1.8 Rerun checks for auxiliary files (HO)
Package uniquecounter Info: New unique counter `rerunfilecheck' on input line 2
82.
))
\c@Hy@tempcnt=\count113

("C:\Program Files\MiKTeX 2.9\tex\latex\url\url.sty"
\Urlmuskip=\muskip11
Package: url 2013/09/16  ver 3.4  Verb mode for urls, etc.
)
LaTeX Info: Redefining \url on input line 5104.
\XeTeXLinkMargin=\dimen132
\Fld@menulength=\count114
\Field@Width=\dimen133
\Fld@charsize=\dimen134
Package hyperref Info: Hyper figures OFF on input line 6358.
Package hyperref Info: Link nesting OFF on input line 6363.
Package hyperref Info: Hyper index ON on input line 6366.
Package hyperref Info: backreferencing ON on input line 6371.
Package hyperref Info: Link coloring ON on input line 6376.
Package hyperref Info: Link coloring with OCG OFF on input line 6383.
Package hyperref Info: PDF/A mode OFF on input line 6388.
LaTeX Info: Redefining \ref on input line 6428.
LaTeX Info: Redefining \pageref on input line 6432.
\Hy@abspage=\count115
\c@Item=\count116
\c@Hfootnote=\count117
)

Package hyperref Message: Driver (autodetected): hpdftex.

("C:\Program Files\MiKTeX 2.9\tex\latex\hyperref\hpdftex.def"
File: hpdftex.def 2017/03/14 v6.85a Hyperref driver for pdfTeX
\Fld@listcount=\count118
\c@bookmark@seq@number=\count119
\Hy@SectionHShift=\skip52
)
(initial_submission.aux)
\openout1 = `initial_submission.aux'.

LaTeX Font Info:    Checking defaults for OML/cmm/m/it on input line 30.
LaTeX Font Info:    ... okay on input line 30.
LaTeX Font Info:    Checking defaults for T1/cmr/m/n on input line 30.
LaTeX Font Info:    ... okay on input line 30.
LaTeX Font Info:    Checking defaults for OT1/cmr/m/n on input line 30.
LaTeX Font Info:    ... okay on input line 30.
LaTeX Font Info:    Checking defaults for OMS/cmsy/m/n on input line 30.
LaTeX Font Info:    ... okay on input line 30.
LaTeX Font Info:    Checking defaults for OMX/cmex/m/n on input line 30.
LaTeX Font Info:    ... okay on input line 30.
LaTeX Font Info:    Checking defaults for U/cmr/m/n on input line 30.
LaTeX Font Info:    ... okay on input line 30.
LaTeX Font Info:    Checking defaults for PD1/pdf/m/n on input line 30.
LaTeX Font Info:    ... okay on input line 30.
LaTeX Font Info:    Try loading font information for OT1+ptm on input line 30.

("C:\Program Files\MiKTeX 2.9\tex\latex\psnfss\ot1ptm.fd"
File: ot1ptm.fd 2001/06/04 font definitions for OT1/ptm.
)
ABD: EveryShipout initializing macros
("C:\Program Files\MiKTeX 2.9\tex\latex\graphics\color.sty"
Package: color 2016/07/10 v1.1e Standard LaTeX Color (DPC)

("C:\Program Files\MiKTeX 2.9\tex\latex\graphics-cfg\color.cfg"
File: color.cfg 2016/01/02 v1.6 sample color configuration
)
Package color Info: Driver file: pdftex.def on input line 147.
)
("C:\Program Files\MiKTeX 2.9\tex\context\base\supp-pdf.mkii"
[Loading MPS to PDF converter (version 2006.09.02).]
\scratchcounter=\count120
\scratchdimen=\dimen135
\scratchbox=\box33
\nofMPsegments=\count121
\nofMParguments=\count122
\everyMPshowfont=\toks21
\MPscratchCnt=\count123
\MPscratchDim=\dimen136
\MPnumerator=\count124
\makeMPintoPDFobject=\count125
\everyMPtoPDFconversion=\toks22
) ("C:\Program Files\MiKTeX 2.9\tex\latex\oberdiek\epstopdf-base.sty"
Package: epstopdf-base 2016/05/15 v2.6 Base part for package epstopdf

("C:\Program Files\MiKTeX 2.9\tex\latex\oberdiek\grfext.sty"
Package: grfext 2016/05/16 v1.2 Manage graphics extensions (HO)
)
Package epstopdf-base Info: Redefining graphics rule for `.eps' on input line 4
38.
Package grfext Info: Graphics extension search list:
(grfext)             [.pdf,.png,.jpg,.mps,.jpeg,.jbig2,.jb2,.PDF,.PNG,.JPG,.JPE
G,.JBIG2,.JB2,.eps]
(grfext)             \AppendGraphicsExtensions on input line 456.
)
Package caption Info: Begin \AtBeginDocument code.
Package caption Info: hyperref package is loaded.
Package caption Info: End \AtBeginDocument code.
\AtBeginShipoutBox=\box34
Package atbegshi Info: Package `everyshi' patched.
Package hyperref Info: Link coloring ON on input line 30.

("C:\Program Files\MiKTeX 2.9\tex\latex\hyperref\nameref.sty"
Package: nameref 2016/05/21 v2.44 Cross-referencing by name of section

("C:\Program Files\MiKTeX 2.9\tex\generic\oberdiek\gettitlestring.sty"
Package: gettitlestring 2016/05/16 v1.5 Cleanup title references (HO)
)
\c@section@level=\count126
)
LaTeX Info: Redefining \ref on input line 30.
LaTeX Info: Redefining \pageref on input line 30.
LaTeX Info: Redefining \nameref on input line 30.
LaTeX Font Info:    Font shape `OT1/ptm/bx/n' in size <14.4> not available
(Font)              Font shape `OT1/ptm/b/n' tried instead on input line 53.
LaTeX Font Info:    Try loading font information for U+msa on input line 53.

("C:\Program Files\MiKTeX 2.9\tex\latex\amsfonts\umsa.fd"
File: umsa.fd 2013/01/14 v3.01 AMS symbols A
)
LaTeX Font Info:    Try loading font information for U+msb on input line 53.

("C:\Program Files\MiKTeX 2.9\tex\latex\amsfonts\umsb.fd"
File: umsb.fd 2013/01/14 v3.01 AMS symbols B
)
LaTeX Font Info:    Font shape `OT1/ptm/bx/n' in size <12> not available
(Font)              Font shape `OT1/ptm/b/n' tried instead on input line 55.
LaTeX Font Info:    Font shape `OT1/ptm/bx/n' in size <10> not available
(Font)              Font shape `OT1/ptm/b/n' tried instead on input line 76.


LaTeX Warning: Reference `aslref' on page 1 undefined on input line 76.

LaTeX Font Info:    Try loading font information for OT1+phv on input line 81.
("C:\Program Files\MiKTeX 2.9\tex\latex\psnfss\ot1phv.fd"
File: ot1phv.fd 2001/06/04 scalable font definitions for OT1/phv.
) [1{C:/Users/Amin/AppData/Local/MiKTeX/2.9/pdftex/config/pdftex.map}


]
LaTeX Font Info:    Try loading font information for OMS+ptm on input line 82.

("C:\Program Files\MiKTeX 2.9\tex\latex\psnfss\omsptm.fd"
File: omsptm.fd 
)
LaTeX Font Info:    Font shape `OMS/ptm/m/n' in size <10> not available
(Font)              Font shape `OMS/cmsy/m/n' tried instead on input line 82.

Overfull \hbox (9.92517pt too wide) in paragraph at lines 274--274
[][][]\OT1/ptm/m/n/8 https://msdn.microsoft.com/en-us/library/microsoft.kinect.
jointtype.aspx| 
 []

<kinect_sk.png, id=45, 325.96782pt x 322.95656pt>
File: kinect_sk.png Graphic file (type png)
<use kinect_sk.png>
Package pdftex.def Info: kinect_sk.png  used on input line 277. on input line 2
77.
Package pdftex.def Info: Requested size: 189.70947pt x 187.96048pt on input lin
e 277.

LaTeX Warning: `h' float specifier changed to `ht'.

[2]
<ac_person1_faceoff.png, id=75, 568.37344pt x 311.66437pt>
File: ac_person1_faceoff.png Graphic file (type png)
<use ac_person1_faceoff.png>
Package pdftex.def Info: ac_person1_faceoff.png  used on input line 308. on inp
ut line 308.
Package pdftex.def Info: Requested size: 397.48651pt x 217.96858pt on input lin
e 308.

Underfull \vbox (badness 10000) has occurred while \output is active []

 [3 <./kinect_sk.png>]
<rnn_network.jpg, id=96, 698.61pt x 214.55156pt>
File: rnn_network.jpg Graphic file (type jpg)
<use rnn_network.jpg>
Package pdftex.def Info: rnn_network.jpg  used on input line 328. on input line
 328.
Package pdftex.def Info: Requested size: 237.13594pt x 72.8287pt on input line 
328.

Underfull \vbox (badness 10000) has occurred while \output is active []

 [4 <./ac_person1_faceoff.png>]
Missing character: There is no â in font ptmr7t!
Missing character: There is no ™ in font ptmr7t!
Missing character: There is no £ in font ptmr7t!
<lstm_cell.jpg, id=112, 447.92343pt x 240.14719pt>
File: lstm_cell.jpg Graphic file (type jpg)
<use lstm_cell.jpg>
Package pdftex.def Info: lstm_cell.jpg  used on input line 360. on input line 3
60.
Package pdftex.def Info: Requested size: 223.57841pt x 128.27776pt on input lin
e 360.
<gru_cell.jpg, id=113, 427.5975pt x 243.91125pt>
File: gru_cell.jpg Graphic file (type jpg)
<use gru_cell.jpg>
Package pdftex.def Info: gru_cell.jpg  used on input line 366. on input line 36
6.
Package pdftex.def Info: Requested size: 223.58513pt x 128.27863pt on input lin
e 366.
<rnn_impl.jpg, id=114, 697.10437pt x 220.57407pt>
File: rnn_impl.jpg Graphic file (type jpg)
<use rnn_impl.jpg>
Package pdftex.def Info: rnn_impl.jpg  used on input line 377. on input line 37
7.
Package pdftex.def Info: Requested size: 397.48651pt x 125.7689pt on input line
 377.


LaTeX Warning: `h' float specifier changed to `ht'.


LaTeX Warning: `h' float specifier changed to `ht'.

[5 <./rnn_network.jpg> <./lstm_cell.jpg> <./gru_cell.jpg>]
<sk_data_viz.jpg, id=130, 764.10469pt x 376.40625pt>
File: sk_data_viz.jpg Graphic file (type jpg)
<use sk_data_viz.jpg>
Package pdftex.def Info: sk_data_viz.jpg  used on input line 413. on input line
 413.
Package pdftex.def Info: Requested size: 397.48651pt x 195.80704pt on input lin
e 413.


LaTeX Warning: `h' float specifier changed to `ht'.

[6 <./rnn_impl.jpg>]
<train_test_dat.jpg, id=142, 368.87813pt x 201.75375pt>
File: train_test_dat.jpg Graphic file (type jpg)
<use train_test_dat.jpg>
Package pdftex.def Info: train_test_dat.jpg  used on input line 447. on input l
ine 447.
Package pdftex.def Info: Requested size: 237.13594pt x 129.69763pt on input lin
e 447.

Overfull \hbox (3.33339pt too wide) in paragraph at lines 460--460
[]|$\OT1/cmr/m/n/10 10%$| 
 []


Overfull \hbox (3.33339pt too wide) in paragraph at lines 460--460
[]|$\OT1/cmr/m/n/10 20%$| 
 []


Overfull \hbox (3.33339pt too wide) in paragraph at lines 460--460
[]|$\OT1/cmr/m/n/10 30%$| 
 []


Overfull \hbox (3.33339pt too wide) in paragraph at lines 460--460
[]|$\OT1/cmr/m/n/10 40%$| 
 []


Overfull \hbox (3.33339pt too wide) in paragraph at lines 460--461
[]|$\OT1/cmr/m/n/10 50%$| 
 []


Overfull \hbox (25.0pt too wide) in paragraph at lines 462--463
[]|[]| 
 []


Overfull \hbox (2.77783pt too wide) in paragraph at lines 463--463
[]|$\OT1/cmr/m/n/10 0\OML/cmm/m/it/10 :\OT1/cmr/m/n/10 86$| 
 []


Overfull \hbox (2.5pt too wide) in paragraph at lines 463--463
[]|$[]$| 
 []


Overfull \hbox (2.5pt too wide) in paragraph at lines 463--463
[]|$[]$| 
 []


Overfull \hbox (2.5pt too wide) in paragraph at lines 463--463
[]|$[]$| 
 []


Overfull \hbox (2.77783pt too wide) in paragraph at lines 463--463
[]|$\OT1/cmr/m/n/10 0\OML/cmm/m/it/10 :\OT1/cmr/m/n/10 99$| 
 []


Overfull \hbox (2.5pt too wide) in paragraph at lines 463--464
[]|$[]$| 
 []


Overfull \hbox (2.77783pt too wide) in paragraph at lines 465--465
[]|$\OT1/cmr/m/n/10 0\OML/cmm/m/it/10 :\OT1/cmr/m/n/10 85$| 
 []


Overfull \hbox (2.77783pt too wide) in paragraph at lines 465--465
[]|$\OT1/cmr/m/n/10 0\OML/cmm/m/it/10 :\OT1/cmr/m/n/10 95$| 
 []


Overfull \hbox (2.77783pt too wide) in paragraph at lines 465--465
[]|$\OT1/cmr/m/n/10 0\OML/cmm/m/it/10 :\OT1/cmr/m/n/10 95$| 
 []


Overfull \hbox (2.5pt too wide) in paragraph at lines 465--465
[]|$[]$| 
 []


Overfull \hbox (2.5pt too wide) in paragraph at lines 465--465
[]|$[]$| 
 []


Overfull \hbox (2.5pt too wide) in paragraph at lines 465--466
[]|$[]$| 
 []


Overfull \hbox (25.0pt too wide) in paragraph at lines 467--468
[]|[]| 
 []


Overfull \hbox (2.77783pt too wide) in paragraph at lines 468--468
[]|$\OT1/cmr/m/n/10 0\OML/cmm/m/it/10 :\OT1/cmr/m/n/10 90$| 
 []


Overfull \hbox (2.77783pt too wide) in paragraph at lines 468--468
[]|$\OT1/cmr/m/n/10 0\OML/cmm/m/it/10 :\OT1/cmr/m/n/10 93$| 
 []


Overfull \hbox (2.77783pt too wide) in paragraph at lines 468--468
[]|$\OT1/cmr/m/n/10 0\OML/cmm/m/it/10 :\OT1/cmr/m/n/10 96$| 
 []


Overfull \hbox (2.77783pt too wide) in paragraph at lines 468--468
[]|$\OT1/cmr/m/n/10 0\OML/cmm/m/it/10 :\OT1/cmr/m/n/10 93$| 
 []


Overfull \hbox (2.5pt too wide) in paragraph at lines 468--468
[]|$[]$| 
 []


Overfull \hbox (2.77783pt too wide) in paragraph at lines 468--469
[]|$\OT1/cmr/m/n/10 0\OML/cmm/m/it/10 :\OT1/cmr/m/n/10 97$| 
 []


Overfull \hbox (2.77783pt too wide) in paragraph at lines 470--470
[]|$\OT1/cmr/m/n/10 0\OML/cmm/m/it/10 :\OT1/cmr/m/n/10 93$| 
 []


Overfull \hbox (2.77783pt too wide) in paragraph at lines 470--470
[]|$\OT1/cmr/m/n/10 0\OML/cmm/m/it/10 :\OT1/cmr/m/n/10 93$| 
 []


Overfull \hbox (2.77783pt too wide) in paragraph at lines 470--470
[]|$\OT1/cmr/m/n/10 0\OML/cmm/m/it/10 :\OT1/cmr/m/n/10 93$| 
 []


Overfull \hbox (2.77783pt too wide) in paragraph at lines 470--470
[]|$\OT1/cmr/m/n/10 0\OML/cmm/m/it/10 :\OT1/cmr/m/n/10 93$| 
 []


Overfull \hbox (2.5pt too wide) in paragraph at lines 470--470
[]|$[]$| 
 []


Overfull \hbox (2.5pt too wide) in paragraph at lines 470--471
[]|$[]$| 
 []


Overfull \hbox (25.0pt too wide) in paragraph at lines 472--473
[]|[]| 
 []


Overfull \hbox (2.77783pt too wide) in paragraph at lines 473--473
[]|$\OT1/cmr/m/n/10 0\OML/cmm/m/it/10 :\OT1/cmr/m/n/10 72$| 
 []


Overfull \hbox (2.77783pt too wide) in paragraph at lines 473--473
[]|$\OT1/cmr/m/n/10 0\OML/cmm/m/it/10 :\OT1/cmr/m/n/10 65$| 
 []


Overfull \hbox (2.77783pt too wide) in paragraph at lines 473--473
[]|$\OT1/cmr/m/n/10 0\OML/cmm/m/it/10 :\OT1/cmr/m/n/10 72$| 
 []


Overfull \hbox (2.77783pt too wide) in paragraph at lines 473--473
[]|$\OT1/cmr/m/n/10 0\OML/cmm/m/it/10 :\OT1/cmr/m/n/10 82$| 
 []


Overfull \hbox (2.77783pt too wide) in paragraph at lines 473--473
[]|$\OT1/cmr/m/n/10 0\OML/cmm/m/it/10 :\OT1/cmr/m/n/10 82$| 
 []


Overfull \hbox (2.5pt too wide) in paragraph at lines 473--474
[]|$[]$| 
 []


Overfull \hbox (2.77783pt too wide) in paragraph at lines 475--475
[]|$\OT1/cmr/m/n/10 0\OML/cmm/m/it/10 :\OT1/cmr/m/n/10 75$| 
 []


Overfull \hbox (2.77783pt too wide) in paragraph at lines 475--475
[]|$\OT1/cmr/m/n/10 0\OML/cmm/m/it/10 :\OT1/cmr/m/n/10 75$| 
 []


Overfull \hbox (2.77783pt too wide) in paragraph at lines 475--475
[]|$\OT1/cmr/m/n/10 0\OML/cmm/m/it/10 :\OT1/cmr/m/n/10 69$| 
 []


Overfull \hbox (2.77783pt too wide) in paragraph at lines 475--475
[]|$\OT1/cmr/m/n/10 0\OML/cmm/m/it/10 :\OT1/cmr/m/n/10 93$| 
 []


Overfull \hbox (2.77783pt too wide) in paragraph at lines 475--475
[]|$\OT1/cmr/m/n/10 0\OML/cmm/m/it/10 :\OT1/cmr/m/n/10 83$| 
 []


Overfull \hbox (2.5pt too wide) in paragraph at lines 475--476
[]|$[]$| 
 []


Overfull \hbox (25.0pt too wide) in paragraph at lines 477--478
[]|[]| 
 []


Overfull \hbox (2.77783pt too wide) in paragraph at lines 478--478
[]|$\OT1/cmr/m/n/10 0\OML/cmm/m/it/10 :\OT1/cmr/m/n/10 89$| 
 []


Overfull \hbox (2.77783pt too wide) in paragraph at lines 478--478
[]|$\OT1/cmr/m/n/10 0\OML/cmm/m/it/10 :\OT1/cmr/m/n/10 93$| 
 []


Overfull \hbox (2.77783pt too wide) in paragraph at lines 478--478
[]|$\OT1/cmr/m/n/10 0\OML/cmm/m/it/10 :\OT1/cmr/m/n/10 93$| 
 []


Overfull \hbox (2.77783pt too wide) in paragraph at lines 478--478
[]|$\OT1/cmr/m/n/10 0\OML/cmm/m/it/10 :\OT1/cmr/m/n/10 94$| 
 []


Overfull \hbox (2.77783pt too wide) in paragraph at lines 478--478
[]|$\OT1/cmr/m/n/10 0\OML/cmm/m/it/10 :\OT1/cmr/m/n/10 93$| 
 []


Overfull \hbox (2.5pt too wide) in paragraph at lines 478--479
[]|$[]$| 
 []


Overfull \hbox (2.77783pt too wide) in paragraph at lines 480--480
[]|$\OT1/cmr/m/n/10 0\OML/cmm/m/it/10 :\OT1/cmr/m/n/10 93$| 
 []


Overfull \hbox (2.77783pt too wide) in paragraph at lines 480--480
[]|$\OT1/cmr/m/n/10 0\OML/cmm/m/it/10 :\OT1/cmr/m/n/10 95$| 
 []


Overfull \hbox (2.77783pt too wide) in paragraph at lines 480--480
[]|$\OT1/cmr/m/n/10 0\OML/cmm/m/it/10 :\OT1/cmr/m/n/10 93$| 
 []


Overfull \hbox (2.5pt too wide) in paragraph at lines 480--480
[]|$[]$| 
 []


Overfull \hbox (2.77783pt too wide) in paragraph at lines 480--480
[]|$\OT1/cmr/m/n/10 0\OML/cmm/m/it/10 :\OT1/cmr/m/n/10 95$| 
 []


Overfull \hbox (2.77783pt too wide) in paragraph at lines 480--481
[]|$\OT1/cmr/m/n/10 0\OML/cmm/m/it/10 :\OT1/cmr/m/n/10 95$| 
 []

<cm_zero_percent_cropped.png, id=144, 528.2937pt x 523.9575pt>
File: cm_zero_percent_cropped.png Graphic file (type png)
<use cm_zero_percent_cropped.png>
Package pdftex.def Info: cm_zero_percent_cropped.png  used on input line 491. o
n input line 491.
Package pdftex.def Info: Requested size: 223.58273pt x 160.34645pt on input lin
e 491.
<cm_thirty_percent_cropped.png, id=145, 526.1256pt x 526.8483pt>
File: cm_thirty_percent_cropped.png Graphic file (type png)
<use cm_thirty_percent_cropped.png>
Package pdftex.def Info: cm_thirty_percent_cropped.png  used on input line 497.
 on input line 497.
Package pdftex.def Info: Requested size: 223.58838pt x 160.34683pt on input lin
e 497.
[7 <./sk_data_viz.jpg> <./train_test_dat.jpg>]
Underfull \vbox (badness 10000) has occurred while \output is active []


(initial_submission.bbl (initial_submission.brf)
\tf@brf=\write3
\openout3 = `initial_submission.brf'.


Underfull \hbox (badness 1975) in paragraph at lines 14--14
\OT1/ptm/m/it/9 Lan-guage Recog-ni-tion Us-ing Sub-units\OT1/ptm/m/n/9 , pages 
89--118.
 []

LaTeX Font Info:    Font shape `OT1/ptm/bx/n' in size <9> not available
(Font)              Font shape `OT1/ptm/b/n' tried instead on input line 50.
[8 <./cm_zero_percent_cropped.png> <./cm_thirty_percent_cropped.png>]
Underfull \hbox (badness 1838) in paragraph at lines 80--80
\OT1/ptm/m/n/9 Skeleton-based ac-tion recog-ni-tion us-ing spatio-temporal
 []

)
Package atveryend Info: Empty hook `BeforeClearDocument' on input line 572.
 [9]
Package atveryend Info: Empty hook `AfterLastShipout' on input line 572.
 (initial_submission.aux)
Package atveryend Info: Executing hook `AtVeryEndDocument' on input line 572.
Package atveryend Info: Executing hook `AtEndAfterFileList' on input line 572.
Package rerunfilecheck Info: File `initial_submission.brf' has not changed.
(rerunfilecheck)             Checksum: 5E65FB75191F4364E6CADA185EC8F7F7;1543.


LaTeX Warning: There were undefined references.

Package atveryend Info: Empty hook `AtVeryVeryEnd' on input line 572.
 ) 
Here is how much of TeX's memory you used:
 7902 strings out of 493312
 119516 string characters out of 3138902
 219063 words of memory out of 3000000
 11249 multiletter control sequences out of 15000+200000
 38778 words of font info for 81 fonts, out of 3000000 for 9000
 1141 hyphenation exceptions out of 8191
 42i,16n,40p,3884b,517s stack positions out of 5000i,500n,10000p,200000b,50000s
{C:/Program Files/MiKTeX 2.9/fonts/enc/dvips/base/8r.enc}<C:/Program Files/Mi
KTeX 2.9/fonts/type1/public/amsfonts/cm/cmmi10.pfb><C:/Program Files/MiKTeX 2.9
/fonts/type1/public/amsfonts/cm/cmmi7.pfb><C:/Program Files/MiKTeX 2.9/fonts/ty
pe1/public/amsfonts/cm/cmr10.pfb><C:/Program Files/MiKTeX 2.9/fonts/type1/publi
c/amsfonts/cm/cmr7.pfb><C:/Program Files/MiKTeX 2.9/fonts/type1/public/amsfonts
/cm/cmsy10.pfb><C:/Program Files/MiKTeX 2.9/fonts/type1/public/amsfonts/cm/cmsy
7.pfb><C:/Program Files/MiKTeX 2.9/fonts/type1/urw/helvetic/uhvb8a.pfb><C:/Prog
ram Files/MiKTeX 2.9/fonts/type1/urw/helvetic/uhvr8a.pfb><C:/Program Files/MiKT
eX 2.9/fonts/type1/urw/times/utmb8a.pfb><C:/Program Files/MiKTeX 2.9/fonts/type
1/urw/times/utmr8a.pfb><C:/Program Files/MiKTeX 2.9/fonts/type1/urw/times/utmri
8a.pfb>
Output written on initial_submission.pdf (9 pages, 1198101 bytes).
PDF statistics:
 259 PDF objects out of 1000 (max. 8388607)
 69 named destinations out of 1000 (max. 500000)
 51 words of extra memory for PDF output out of 10000 (max. 10000000)

